<?xml version="1.0" encoding="UTF-8"?>
<testsuite xmlns:xsi="http://www.w3.org/2001/XMLSchema-instance" xsi:noNamespaceSchemaLocation="https://maven.apache.org/surefire/maven-surefire-plugin/xsd/surefire-test-report.xsd" name="com.sangjie.seckill.SeckillDemoApplicationTests" time="12.459" tests="1" errors="0" skipped="0" failures="0">
  <properties>
    <property name="sun.desktop" value="windows"/>
    <property name="awt.toolkit" value="sun.awt.windows.WToolkit"/>
    <property name="java.specification.version" value="11"/>
    <property name="sun.cpu.isalist" value="amd64"/>
    <property name="sun.jnu.encoding" value="GBK"/>
    <property name="java.class.path" value="E:\java workspace\ssm-project-demo\seckill\seckill-demo\target\test-classes;E:\java workspace\ssm-project-demo\seckill\seckill-demo\target\classes;D:\MYSQL\repository\org\springframework\boot\spring-boot-starter-thymeleaf\2.6.2\spring-boot-starter-thymeleaf-2.6.2.jar;D:\MYSQL\repository\org\springframework\boot\spring-boot-starter\2.6.2\spring-boot-starter-2.6.2.jar;D:\MYSQL\repository\org\springframework\boot\spring-boot\2.6.2\spring-boot-2.6.2.jar;D:\MYSQL\repository\org\springframework\boot\spring-boot-starter-logging\2.6.2\spring-boot-starter-logging-2.6.2.jar;D:\MYSQL\repository\ch\qos\logback\logback-classic\1.2.9\logback-classic-1.2.9.jar;D:\MYSQL\repository\ch\qos\logback\logback-core\1.2.9\logback-core-1.2.9.jar;D:\MYSQL\repository\org\apache\logging\log4j\log4j-to-slf4j\2.17.0\log4j-to-slf4j-2.17.0.jar;D:\MYSQL\repository\org\apache\logging\log4j\log4j-api\2.17.0\log4j-api-2.17.0.jar;D:\MYSQL\repository\org\slf4j\jul-to-slf4j\1.7.32\jul-to-slf4j-1.7.32.jar;D:\MYSQL\repository\jakarta\annotation\jakarta.annotation-api\1.3.5\jakarta.annotation-api-1.3.5.jar;D:\MYSQL\repository\org\yaml\snakeyaml\1.29\snakeyaml-1.29.jar;D:\MYSQL\repository\org\thymeleaf\thymeleaf-spring5\3.0.14.RELEASE\thymeleaf-spring5-3.0.14.RELEASE.jar;D:\MYSQL\repository\org\thymeleaf\thymeleaf\3.0.14.RELEASE\thymeleaf-3.0.14.RELEASE.jar;D:\MYSQL\repository\org\attoparser\attoparser\2.0.5.RELEASE\attoparser-2.0.5.RELEASE.jar;D:\MYSQL\repository\org\unbescape\unbescape\1.1.6.RELEASE\unbescape-1.1.6.RELEASE.jar;D:\MYSQL\repository\org\slf4j\slf4j-api\1.7.32\slf4j-api-1.7.32.jar;D:\MYSQL\repository\org\thymeleaf\extras\thymeleaf-extras-java8time\3.0.4.RELEASE\thymeleaf-extras-java8time-3.0.4.RELEASE.jar;D:\MYSQL\repository\org\springframework\boot\spring-boot-starter-web\2.6.2\spring-boot-starter-web-2.6.2.jar;D:\MYSQL\repository\org\springframework\boot\spring-boot-starter-json\2.6.2\spring-boot-starter-json-2.6.2.jar;D:\MYSQL\repository\com\fasterxml\jackson\core\jackson-databind\2.13.1\jackson-databind-2.13.1.jar;D:\MYSQL\repository\com\fasterxml\jackson\core\jackson-annotations\2.13.1\jackson-annotations-2.13.1.jar;D:\MYSQL\repository\com\fasterxml\jackson\core\jackson-core\2.13.1\jackson-core-2.13.1.jar;D:\MYSQL\repository\com\fasterxml\jackson\datatype\jackson-datatype-jdk8\2.13.1\jackson-datatype-jdk8-2.13.1.jar;D:\MYSQL\repository\com\fasterxml\jackson\datatype\jackson-datatype-jsr310\2.13.1\jackson-datatype-jsr310-2.13.1.jar;D:\MYSQL\repository\com\fasterxml\jackson\module\jackson-module-parameter-names\2.13.1\jackson-module-parameter-names-2.13.1.jar;D:\MYSQL\repository\org\springframework\boot\spring-boot-starter-tomcat\2.6.2\spring-boot-starter-tomcat-2.6.2.jar;D:\MYSQL\repository\org\apache\tomcat\embed\tomcat-embed-core\9.0.56\tomcat-embed-core-9.0.56.jar;D:\MYSQL\repository\org\apache\tomcat\embed\tomcat-embed-el\9.0.56\tomcat-embed-el-9.0.56.jar;D:\MYSQL\repository\org\apache\tomcat\embed\tomcat-embed-websocket\9.0.56\tomcat-embed-websocket-9.0.56.jar;D:\MYSQL\repository\org\springframework\spring-web\5.3.14\spring-web-5.3.14.jar;D:\MYSQL\repository\org\springframework\spring-beans\5.3.14\spring-beans-5.3.14.jar;D:\MYSQL\repository\org\springframework\spring-webmvc\5.3.14\spring-webmvc-5.3.14.jar;D:\MYSQL\repository\org\springframework\spring-aop\5.3.14\spring-aop-5.3.14.jar;D:\MYSQL\repository\org\springframework\spring-context\5.3.14\spring-context-5.3.14.jar;D:\MYSQL\repository\org\springframework\spring-expression\5.3.14\spring-expression-5.3.14.jar;D:\MYSQL\repository\mysql\mysql-connector-java\8.0.27\mysql-connector-java-8.0.27.jar;D:\MYSQL\repository\org\projectlombok\lombok\1.18.22\lombok-1.18.22.jar;D:\MYSQL\repository\org\springframework\boot\spring-boot-starter-test\2.6.2\spring-boot-starter-test-2.6.2.jar;D:\MYSQL\repository\org\springframework\boot\spring-boot-test\2.6.2\spring-boot-test-2.6.2.jar;D:\MYSQL\repository\org\springframework\boot\spring-boot-test-autoconfigure\2.6.2\spring-boot-test-autoconfigure-2.6.2.jar;D:\MYSQL\repository\com\jayway\jsonpath\json-path\2.6.0\json-path-2.6.0.jar;D:\MYSQL\repository\net\minidev\json-smart\2.4.7\json-smart-2.4.7.jar;D:\MYSQL\repository\net\minidev\accessors-smart\2.4.7\accessors-smart-2.4.7.jar;D:\MYSQL\repository\org\ow2\asm\asm\9.1\asm-9.1.jar;D:\MYSQL\repository\jakarta\xml\bind\jakarta.xml.bind-api\2.3.3\jakarta.xml.bind-api-2.3.3.jar;D:\MYSQL\repository\jakarta\activation\jakarta.activation-api\1.2.2\jakarta.activation-api-1.2.2.jar;D:\MYSQL\repository\org\assertj\assertj-core\3.21.0\assertj-core-3.21.0.jar;D:\MYSQL\repository\org\hamcrest\hamcrest\2.2\hamcrest-2.2.jar;D:\MYSQL\repository\org\junit\jupiter\junit-jupiter\5.8.2\junit-jupiter-5.8.2.jar;D:\MYSQL\repository\org\junit\jupiter\junit-jupiter-api\5.8.2\junit-jupiter-api-5.8.2.jar;D:\MYSQL\repository\org\opentest4j\opentest4j\1.2.0\opentest4j-1.2.0.jar;D:\MYSQL\repository\org\junit\platform\junit-platform-commons\1.8.2\junit-platform-commons-1.8.2.jar;D:\MYSQL\repository\org\apiguardian\apiguardian-api\1.1.2\apiguardian-api-1.1.2.jar;D:\MYSQL\repository\org\junit\jupiter\junit-jupiter-params\5.8.2\junit-jupiter-params-5.8.2.jar;D:\MYSQL\repository\org\junit\jupiter\junit-jupiter-engine\5.8.2\junit-jupiter-engine-5.8.2.jar;D:\MYSQL\repository\org\junit\platform\junit-platform-engine\1.8.2\junit-platform-engine-1.8.2.jar;D:\MYSQL\repository\org\mockito\mockito-core\4.0.0\mockito-core-4.0.0.jar;D:\MYSQL\repository\net\bytebuddy\byte-buddy\1.11.22\byte-buddy-1.11.22.jar;D:\MYSQL\repository\net\bytebuddy\byte-buddy-agent\1.11.22\byte-buddy-agent-1.11.22.jar;D:\MYSQL\repository\org\objenesis\objenesis\3.2\objenesis-3.2.jar;D:\MYSQL\repository\org\mockito\mockito-junit-jupiter\4.0.0\mockito-junit-jupiter-4.0.0.jar;D:\MYSQL\repository\org\skyscreamer\jsonassert\1.5.0\jsonassert-1.5.0.jar;D:\MYSQL\repository\com\vaadin\external\google\android-json\0.0.20131108.vaadin1\android-json-0.0.20131108.vaadin1.jar;D:\MYSQL\repository\org\springframework\spring-core\5.3.14\spring-core-5.3.14.jar;D:\MYSQL\repository\org\springframework\spring-jcl\5.3.14\spring-jcl-5.3.14.jar;D:\MYSQL\repository\org\springframework\spring-test\5.3.14\spring-test-5.3.14.jar;D:\MYSQL\repository\org\xmlunit\xmlunit-core\2.8.4\xmlunit-core-2.8.4.jar;D:\MYSQL\repository\com\baomidou\mybatis-plus-boot-starter\3.4.3\mybatis-plus-boot-starter-3.4.3.jar;D:\MYSQL\repository\com\baomidou\mybatis-plus\3.4.3\mybatis-plus-3.4.3.jar;D:\MYSQL\repository\com\baomidou\mybatis-plus-extension\3.4.3\mybatis-plus-extension-3.4.3.jar;D:\MYSQL\repository\com\baomidou\mybatis-plus-core\3.4.3\mybatis-plus-core-3.4.3.jar;D:\MYSQL\repository\com\baomidou\mybatis-plus-annotation\3.4.3\mybatis-plus-annotation-3.4.3.jar;D:\MYSQL\repository\com\github\jsqlparser\jsqlparser\4.0\jsqlparser-4.0.jar;D:\MYSQL\repository\org\mybatis\mybatis\3.5.7\mybatis-3.5.7.jar;D:\MYSQL\repository\org\mybatis\mybatis-spring\2.0.6\mybatis-spring-2.0.6.jar;D:\MYSQL\repository\org\springframework\boot\spring-boot-autoconfigure\2.6.2\spring-boot-autoconfigure-2.6.2.jar;D:\MYSQL\repository\org\springframework\boot\spring-boot-starter-jdbc\2.6.2\spring-boot-starter-jdbc-2.6.2.jar;D:\MYSQL\repository\com\zaxxer\HikariCP\4.0.3\HikariCP-4.0.3.jar;D:\MYSQL\repository\org\springframework\spring-jdbc\5.3.14\spring-jdbc-5.3.14.jar;D:\MYSQL\repository\commons-codec\commons-codec\1.15\commons-codec-1.15.jar;D:\MYSQL\repository\org\apache\commons\commons-lang3\3.12.0\commons-lang3-3.12.0.jar;D:\MYSQL\repository\org\springframework\boot\spring-boot-starter-data-redis\2.6.2\spring-boot-starter-data-redis-2.6.2.jar;D:\MYSQL\repository\org\springframework\data\spring-data-redis\2.6.0\spring-data-redis-2.6.0.jar;D:\MYSQL\repository\org\springframework\data\spring-data-keyvalue\2.6.0\spring-data-keyvalue-2.6.0.jar;D:\MYSQL\repository\org\springframework\data\spring-data-commons\2.6.0\spring-data-commons-2.6.0.jar;D:\MYSQL\repository\org\springframework\spring-tx\5.3.14\spring-tx-5.3.14.jar;D:\MYSQL\repository\org\springframework\spring-oxm\5.3.14\spring-oxm-5.3.14.jar;D:\MYSQL\repository\org\springframework\spring-context-support\5.3.14\spring-context-support-5.3.14.jar;D:\MYSQL\repository\io\lettuce\lettuce-core\6.1.5.RELEASE\lettuce-core-6.1.5.RELEASE.jar;D:\MYSQL\repository\io\netty\netty-common\4.1.72.Final\netty-common-4.1.72.Final.jar;D:\MYSQL\repository\io\netty\netty-handler\4.1.72.Final\netty-handler-4.1.72.Final.jar;D:\MYSQL\repository\io\netty\netty-resolver\4.1.72.Final\netty-resolver-4.1.72.Final.jar;D:\MYSQL\repository\io\netty\netty-buffer\4.1.72.Final\netty-buffer-4.1.72.Final.jar;D:\MYSQL\repository\io\netty\netty-codec\4.1.72.Final\netty-codec-4.1.72.Final.jar;D:\MYSQL\repository\io\netty\netty-tcnative-classes\2.0.46.Final\netty-tcnative-classes-2.0.46.Final.jar;D:\MYSQL\repository\io\netty\netty-transport\4.1.72.Final\netty-transport-4.1.72.Final.jar;D:\MYSQL\repository\io\projectreactor\reactor-core\3.4.13\reactor-core-3.4.13.jar;D:\MYSQL\repository\org\reactivestreams\reactive-streams\1.0.3\reactive-streams-1.0.3.jar;D:\MYSQL\repository\org\apache\commons\commons-pool2\2.11.1\commons-pool2-2.11.1.jar;"/>
    <property name="java.vm.vendor" value="Oracle Corporation"/>
    <property name="sun.arch.data.model" value="64"/>
    <property name="user.variant" value=""/>
    <property name="java.vendor.url" value="http://java.oracle.com/"/>
    <property name="user.timezone" value="Asia/Shanghai"/>
    <property name="java.vm.specification.version" value="11"/>
    <property name="os.name" value="Windows 10"/>
    <property name="sun.java.launcher" value="SUN_STANDARD"/>
    <property name="user.country" value="CN"/>
    <property name="sun.boot.library.path" value="C:\Program Files\jdk-11.0.2\bin"/>
    <property name="sun.java.command" value="C:\Users\ADMINI~1\AppData\Local\Temp\surefire3604949930779353557\surefirebooter1589145330351702197.jar C:\Users\Administrator\AppData\Local\Temp\surefire3604949930779353557 2022-01-17T17-25-13_824-jvmRun1 surefire4510584615561537839tmp surefire_09180021979262878418tmp"/>
    <property name="jdk.debug" value="release"/>
    <property name="surefire.test.class.path" value="E:\java workspace\ssm-project-demo\seckill\seckill-demo\target\test-classes;E:\java workspace\ssm-project-demo\seckill\seckill-demo\target\classes;D:\MYSQL\repository\org\springframework\boot\spring-boot-starter-thymeleaf\2.6.2\spring-boot-starter-thymeleaf-2.6.2.jar;D:\MYSQL\repository\org\springframework\boot\spring-boot-starter\2.6.2\spring-boot-starter-2.6.2.jar;D:\MYSQL\repository\org\springframework\boot\spring-boot\2.6.2\spring-boot-2.6.2.jar;D:\MYSQL\repository\org\springframework\boot\spring-boot-starter-logging\2.6.2\spring-boot-starter-logging-2.6.2.jar;D:\MYSQL\repository\ch\qos\logback\logback-classic\1.2.9\logback-classic-1.2.9.jar;D:\MYSQL\repository\ch\qos\logback\logback-core\1.2.9\logback-core-1.2.9.jar;D:\MYSQL\repository\org\apache\logging\log4j\log4j-to-slf4j\2.17.0\log4j-to-slf4j-2.17.0.jar;D:\MYSQL\repository\org\apache\logging\log4j\log4j-api\2.17.0\log4j-api-2.17.0.jar;D:\MYSQL\repository\org\slf4j\jul-to-slf4j\1.7.32\jul-to-slf4j-1.7.32.jar;D:\MYSQL\repository\jakarta\annotation\jakarta.annotation-api\1.3.5\jakarta.annotation-api-1.3.5.jar;D:\MYSQL\repository\org\yaml\snakeyaml\1.29\snakeyaml-1.29.jar;D:\MYSQL\repository\org\thymeleaf\thymeleaf-spring5\3.0.14.RELEASE\thymeleaf-spring5-3.0.14.RELEASE.jar;D:\MYSQL\repository\org\thymeleaf\thymeleaf\3.0.14.RELEASE\thymeleaf-3.0.14.RELEASE.jar;D:\MYSQL\repository\org\attoparser\attoparser\2.0.5.RELEASE\attoparser-2.0.5.RELEASE.jar;D:\MYSQL\repository\org\unbescape\unbescape\1.1.6.RELEASE\unbescape-1.1.6.RELEASE.jar;D:\MYSQL\repository\org\slf4j\slf4j-api\1.7.32\slf4j-api-1.7.32.jar;D:\MYSQL\repository\org\thymeleaf\extras\thymeleaf-extras-java8time\3.0.4.RELEASE\thymeleaf-extras-java8time-3.0.4.RELEASE.jar;D:\MYSQL\repository\org\springframework\boot\spring-boot-starter-web\2.6.2\spring-boot-starter-web-2.6.2.jar;D:\MYSQL\repository\org\springframework\boot\spring-boot-starter-json\2.6.2\spring-boot-starter-json-2.6.2.jar;D:\MYSQL\repository\com\fasterxml\jackson\core\jackson-databind\2.13.1\jackson-databind-2.13.1.jar;D:\MYSQL\repository\com\fasterxml\jackson\core\jackson-annotations\2.13.1\jackson-annotations-2.13.1.jar;D:\MYSQL\repository\com\fasterxml\jackson\core\jackson-core\2.13.1\jackson-core-2.13.1.jar;D:\MYSQL\repository\com\fasterxml\jackson\datatype\jackson-datatype-jdk8\2.13.1\jackson-datatype-jdk8-2.13.1.jar;D:\MYSQL\repository\com\fasterxml\jackson\datatype\jackson-datatype-jsr310\2.13.1\jackson-datatype-jsr310-2.13.1.jar;D:\MYSQL\repository\com\fasterxml\jackson\module\jackson-module-parameter-names\2.13.1\jackson-module-parameter-names-2.13.1.jar;D:\MYSQL\repository\org\springframework\boot\spring-boot-starter-tomcat\2.6.2\spring-boot-starter-tomcat-2.6.2.jar;D:\MYSQL\repository\org\apache\tomcat\embed\tomcat-embed-core\9.0.56\tomcat-embed-core-9.0.56.jar;D:\MYSQL\repository\org\apache\tomcat\embed\tomcat-embed-el\9.0.56\tomcat-embed-el-9.0.56.jar;D:\MYSQL\repository\org\apache\tomcat\embed\tomcat-embed-websocket\9.0.56\tomcat-embed-websocket-9.0.56.jar;D:\MYSQL\repository\org\springframework\spring-web\5.3.14\spring-web-5.3.14.jar;D:\MYSQL\repository\org\springframework\spring-beans\5.3.14\spring-beans-5.3.14.jar;D:\MYSQL\repository\org\springframework\spring-webmvc\5.3.14\spring-webmvc-5.3.14.jar;D:\MYSQL\repository\org\springframework\spring-aop\5.3.14\spring-aop-5.3.14.jar;D:\MYSQL\repository\org\springframework\spring-context\5.3.14\spring-context-5.3.14.jar;D:\MYSQL\repository\org\springframework\spring-expression\5.3.14\spring-expression-5.3.14.jar;D:\MYSQL\repository\mysql\mysql-connector-java\8.0.27\mysql-connector-java-8.0.27.jar;D:\MYSQL\repository\org\projectlombok\lombok\1.18.22\lombok-1.18.22.jar;D:\MYSQL\repository\org\springframework\boot\spring-boot-starter-test\2.6.2\spring-boot-starter-test-2.6.2.jar;D:\MYSQL\repository\org\springframework\boot\spring-boot-test\2.6.2\spring-boot-test-2.6.2.jar;D:\MYSQL\repository\org\springframework\boot\spring-boot-test-autoconfigure\2.6.2\spring-boot-test-autoconfigure-2.6.2.jar;D:\MYSQL\repository\com\jayway\jsonpath\json-path\2.6.0\json-path-2.6.0.jar;D:\MYSQL\repository\net\minidev\json-smart\2.4.7\json-smart-2.4.7.jar;D:\MYSQL\repository\net\minidev\accessors-smart\2.4.7\accessors-smart-2.4.7.jar;D:\MYSQL\repository\org\ow2\asm\asm\9.1\asm-9.1.jar;D:\MYSQL\repository\jakarta\xml\bind\jakarta.xml.bind-api\2.3.3\jakarta.xml.bind-api-2.3.3.jar;D:\MYSQL\repository\jakarta\activation\jakarta.activation-api\1.2.2\jakarta.activation-api-1.2.2.jar;D:\MYSQL\repository\org\assertj\assertj-core\3.21.0\assertj-core-3.21.0.jar;D:\MYSQL\repository\org\hamcrest\hamcrest\2.2\hamcrest-2.2.jar;D:\MYSQL\repository\org\junit\jupiter\junit-jupiter\5.8.2\junit-jupiter-5.8.2.jar;D:\MYSQL\repository\org\junit\jupiter\junit-jupiter-api\5.8.2\junit-jupiter-api-5.8.2.jar;D:\MYSQL\repository\org\opentest4j\opentest4j\1.2.0\opentest4j-1.2.0.jar;D:\MYSQL\repository\org\junit\platform\junit-platform-commons\1.8.2\junit-platform-commons-1.8.2.jar;D:\MYSQL\repository\org\apiguardian\apiguardian-api\1.1.2\apiguardian-api-1.1.2.jar;D:\MYSQL\repository\org\junit\jupiter\junit-jupiter-params\5.8.2\junit-jupiter-params-5.8.2.jar;D:\MYSQL\repository\org\junit\jupiter\junit-jupiter-engine\5.8.2\junit-jupiter-engine-5.8.2.jar;D:\MYSQL\repository\org\junit\platform\junit-platform-engine\1.8.2\junit-platform-engine-1.8.2.jar;D:\MYSQL\repository\org\mockito\mockito-core\4.0.0\mockito-core-4.0.0.jar;D:\MYSQL\repository\net\bytebuddy\byte-buddy\1.11.22\byte-buddy-1.11.22.jar;D:\MYSQL\repository\net\bytebuddy\byte-buddy-agent\1.11.22\byte-buddy-agent-1.11.22.jar;D:\MYSQL\repository\org\objenesis\objenesis\3.2\objenesis-3.2.jar;D:\MYSQL\repository\org\mockito\mockito-junit-jupiter\4.0.0\mockito-junit-jupiter-4.0.0.jar;D:\MYSQL\repository\org\skyscreamer\jsonassert\1.5.0\jsonassert-1.5.0.jar;D:\MYSQL\repository\com\vaadin\external\google\android-json\0.0.20131108.vaadin1\android-json-0.0.20131108.vaadin1.jar;D:\MYSQL\repository\org\springframework\spring-core\5.3.14\spring-core-5.3.14.jar;D:\MYSQL\repository\org\springframework\spring-jcl\5.3.14\spring-jcl-5.3.14.jar;D:\MYSQL\repository\org\springframework\spring-test\5.3.14\spring-test-5.3.14.jar;D:\MYSQL\repository\org\xmlunit\xmlunit-core\2.8.4\xmlunit-core-2.8.4.jar;D:\MYSQL\repository\com\baomidou\mybatis-plus-boot-starter\3.4.3\mybatis-plus-boot-starter-3.4.3.jar;D:\MYSQL\repository\com\baomidou\mybatis-plus\3.4.3\mybatis-plus-3.4.3.jar;D:\MYSQL\repository\com\baomidou\mybatis-plus-extension\3.4.3\mybatis-plus-extension-3.4.3.jar;D:\MYSQL\repository\com\baomidou\mybatis-plus-core\3.4.3\mybatis-plus-core-3.4.3.jar;D:\MYSQL\repository\com\baomidou\mybatis-plus-annotation\3.4.3\mybatis-plus-annotation-3.4.3.jar;D:\MYSQL\repository\com\github\jsqlparser\jsqlparser\4.0\jsqlparser-4.0.jar;D:\MYSQL\repository\org\mybatis\mybatis\3.5.7\mybatis-3.5.7.jar;D:\MYSQL\repository\org\mybatis\mybatis-spring\2.0.6\mybatis-spring-2.0.6.jar;D:\MYSQL\repository\org\springframework\boot\spring-boot-autoconfigure\2.6.2\spring-boot-autoconfigure-2.6.2.jar;D:\MYSQL\repository\org\springframework\boot\spring-boot-starter-jdbc\2.6.2\spring-boot-starter-jdbc-2.6.2.jar;D:\MYSQL\repository\com\zaxxer\HikariCP\4.0.3\HikariCP-4.0.3.jar;D:\MYSQL\repository\org\springframework\spring-jdbc\5.3.14\spring-jdbc-5.3.14.jar;D:\MYSQL\repository\commons-codec\commons-codec\1.15\commons-codec-1.15.jar;D:\MYSQL\repository\org\apache\commons\commons-lang3\3.12.0\commons-lang3-3.12.0.jar;D:\MYSQL\repository\org\springframework\boot\spring-boot-starter-data-redis\2.6.2\spring-boot-starter-data-redis-2.6.2.jar;D:\MYSQL\repository\org\springframework\data\spring-data-redis\2.6.0\spring-data-redis-2.6.0.jar;D:\MYSQL\repository\org\springframework\data\spring-data-keyvalue\2.6.0\spring-data-keyvalue-2.6.0.jar;D:\MYSQL\repository\org\springframework\data\spring-data-commons\2.6.0\spring-data-commons-2.6.0.jar;D:\MYSQL\repository\org\springframework\spring-tx\5.3.14\spring-tx-5.3.14.jar;D:\MYSQL\repository\org\springframework\spring-oxm\5.3.14\spring-oxm-5.3.14.jar;D:\MYSQL\repository\org\springframework\spring-context-support\5.3.14\spring-context-support-5.3.14.jar;D:\MYSQL\repository\io\lettuce\lettuce-core\6.1.5.RELEASE\lettuce-core-6.1.5.RELEASE.jar;D:\MYSQL\repository\io\netty\netty-common\4.1.72.Final\netty-common-4.1.72.Final.jar;D:\MYSQL\repository\io\netty\netty-handler\4.1.72.Final\netty-handler-4.1.72.Final.jar;D:\MYSQL\repository\io\netty\netty-resolver\4.1.72.Final\netty-resolver-4.1.72.Final.jar;D:\MYSQL\repository\io\netty\netty-buffer\4.1.72.Final\netty-buffer-4.1.72.Final.jar;D:\MYSQL\repository\io\netty\netty-codec\4.1.72.Final\netty-codec-4.1.72.Final.jar;D:\MYSQL\repository\io\netty\netty-tcnative-classes\2.0.46.Final\netty-tcnative-classes-2.0.46.Final.jar;D:\MYSQL\repository\io\netty\netty-transport\4.1.72.Final\netty-transport-4.1.72.Final.jar;D:\MYSQL\repository\io\projectreactor\reactor-core\3.4.13\reactor-core-3.4.13.jar;D:\MYSQL\repository\org\reactivestreams\reactive-streams\1.0.3\reactive-streams-1.0.3.jar;D:\MYSQL\repository\org\apache\commons\commons-pool2\2.11.1\commons-pool2-2.11.1.jar;"/>
    <property name="sun.cpu.endian" value="little"/>
    <property name="user.home" value="C:\Users\Administrator"/>
    <property name="user.language" value="zh"/>
    <property name="java.specification.vendor" value="Oracle Corporation"/>
    <property name="java.version.date" value="2019-01-15"/>
    <property name="java.home" value="C:\Program Files\jdk-11.0.2"/>
    <property name="file.separator" value="\"/>
    <property name="basedir" value="E:\java workspace\ssm-project-demo\seckill\seckill-demo"/>
    <property name="java.vm.compressedOopsMode" value="32-bit"/>
    <property name="line.separator" value="&#10;"/>
    <property name="java.specification.name" value="Java Platform API Specification"/>
    <property name="java.vm.specification.vendor" value="Oracle Corporation"/>
    <property name="java.awt.graphicsenv" value="sun.awt.Win32GraphicsEnvironment"/>
    <property name="surefire.real.class.path" value="C:\Users\ADMINI~1\AppData\Local\Temp\surefire3604949930779353557\surefirebooter1589145330351702197.jar"/>
    <property name="user.script" value=""/>
    <property name="sun.management.compiler" value="HotSpot 64-Bit Tiered Compilers"/>
    <property name="java.runtime.version" value="11.0.2+9"/>
    <property name="user.name" value="Administrator"/>
    <property name="path.separator" value=";"/>
    <property name="os.version" value="10.0"/>
    <property name="java.runtime.name" value="OpenJDK Runtime Environment"/>
    <property name="file.encoding" value="GBK"/>
    <property name="java.vm.name" value="OpenJDK 64-Bit Server VM"/>
    <property name="java.vendor.version" value="18.9"/>
    <property name="localRepository" value="D:\MYSQL\repository"/>
    <property name="java.vendor.url.bug" value="http://bugreport.java.com/bugreport/"/>
    <property name="java.io.tmpdir" value="C:\Users\ADMINI~1\AppData\Local\Temp\"/>
    <property name="idea.version" value="2021.1.1"/>
    <property name="java.version" value="11.0.2"/>
    <property name="user.dir" value="E:\java workspace\ssm-project-demo\seckill\seckill-demo"/>
    <property name="os.arch" value="amd64"/>
    <property name="java.vm.specification.name" value="Java Virtual Machine Specification"/>
    <property name="java.awt.printerjob" value="sun.awt.windows.WPrinterJob"/>
    <property name="sun.os.patch.level" value=""/>
    <property name="java.library.path" value="C:\Program Files\jdk-11.0.2\bin;C:\WINDOWS\Sun\Java\bin;C:\WINDOWS\system32;C:\WINDOWS;E:\app\Administrator\virtual\product\12.2.0\dbhome_1\bin;C:\WINDOWS\system32;C:\WINDOWS;C:\WINDOWS\System32\Wbem;D:\MYSQL\mysql-8.0.23-winx64\bin;C:\Program Files\SlikSvn\bin;C:\WINDOWS\System32\WindowsPowerShell\v1.0\;C:\WINDOWS\System32\OpenSSH\;D:\MYSQL\apache-maven-3.3.9\bin;E:\java workspace\git\Git\cmd;D:\MYSQL\xftp\;C:\Program Files\jdk-11.0.2\bin;D:\MYSQL\;C:\Users\Administrator\AppData\Local\Programs\Python\Python38-32\Scripts\;C:\Users\Administrator\AppData\Local\Programs\Python\Python38-32\;C:\Users\Administrator\AppData\Local\Microsoft\WindowsApps;C:\Users\Administrator\Desktop\新建文件夹 (4)\PyCharm 2020.1.1\bin;;;C:\Program Files\JetBrains\IntelliJ IDEA Community Edition 2020.3.2\bin;;."/>
    <property name="java.vendor" value="Oracle Corporation"/>
    <property name="java.vm.info" value="mixed mode"/>
    <property name="java.vm.version" value="11.0.2+9"/>
    <property name="sun.io.unicode.encoding" value="UnicodeLittle"/>
    <property name="java.class.version" value="55.0"/>
  </properties>
  <testcase name="contextLoads" classname="com.sangjie.seckill.SeckillDemoApplicationTests" time="0.685"/>
</testsuite>